c:\users\no\google drive\visual studio 2013\projects\facerecognition1.2\facerecognition1.2\debug\vc120.pdb
c:\users\no\google drive\visual studio 2013\projects\facerecognition1.2\facerecognition1.2\debug\trainrecognizer.obj
c:\users\no\google drive\visual studio 2013\projects\facerecognition1.2\facerecognition1.2\debug\recognition.obj
c:\users\no\google drive\visual studio 2013\projects\facerecognition1.2\facerecognition1.2\debug\preprocessface.obj
c:\users\no\google drive\visual studio 2013\projects\facerecognition1.2\facerecognition1.2\debug\mainwindow.obj
c:\users\no\google drive\visual studio 2013\projects\facerecognition1.2\facerecognition1.2\debug\main.obj
c:\users\no\google drive\visual studio 2013\projects\facerecognition1.2\facerecognition1.2\debug\imageutils.obj
c:\users\no\google drive\visual studio 2013\projects\facerecognition1.2\facerecognition1.2\debug\moc_trainrecognizer.obj
c:\users\no\google drive\visual studio 2013\projects\facerecognition1.2\facerecognition1.2\debug\moc_mainwindow.obj
c:\users\no\google drive\visual studio 2013\projects\facerecognition1.2\facerecognition1.2\debug\moc_facedatabase.obj
c:\users\no\google drive\visual studio 2013\projects\facerecognition1.2\facerecognition1.2\debug\moc_controlpanel.obj
c:\users\no\google drive\visual studio 2013\projects\facerecognition1.2\facerecognition1.2\debug\moc_addperson.obj
c:\users\no\google drive\visual studio 2013\projects\facerecognition1.2\facerecognition1.2\debug\facedatabase.obj
c:\users\no\google drive\visual studio 2013\projects\facerecognition1.2\facerecognition1.2\debug\detectobject.obj
c:\users\no\google drive\visual studio 2013\projects\facerecognition1.2\facerecognition1.2\debug\controlpanel.obj
c:\users\no\google drive\visual studio 2013\projects\facerecognition1.2\facerecognition1.2\debug\addperson.obj
c:\users\no\google drive\visual studio 2013\projects\facerecognition1.2\facerecognition1.2\debug\qrc_mainwindow.obj
c:\users\no\google drive\visual studio 2013\projects\facerecognition1.2\facerecognition1.2\debug\about.obj
c:\users\no\google drive\visual studio 2013\projects\facerecognition1.2\facerecognition1.2\debug\moc_about.obj
c:\users\no\google drive\visual studio 2013\projects\facerecognition1.2\facerecognition1.2\generatedfiles\debug\moc_addperson.cpp
c:\users\no\google drive\visual studio 2013\projects\facerecognition1.2\facerecognition1.2\generatedfiles\debug\moc_controlpanel.cpp
c:\users\no\google drive\visual studio 2013\projects\facerecognition1.2\facerecognition1.2\generatedfiles\debug\moc_facedatabase.cpp
c:\users\no\google drive\visual studio 2013\projects\facerecognition1.2\facerecognition1.2\generatedfiles\debug\moc_trainrecognizer.cpp
c:\users\no\google drive\visual studio 2013\projects\facerecognition1.2\facerecognition1.2\generatedfiles\qrc_mainwindow.cpp
c:\users\no\google drive\visual studio 2013\projects\facerecognition1.2\facerecognition1.2\generatedfiles\ui_trainrecognizer.h
c:\users\no\google drive\visual studio 2013\projects\facerecognition1.2\facerecognition1.2\generatedfiles\ui_addperson.h
c:\users\no\google drive\visual studio 2013\projects\facerecognition1.2\facerecognition1.2\generatedfiles\ui_facedatabase.h
c:\users\no\google drive\visual studio 2013\projects\facerecognition1.2\facerecognition1.2\generatedfiles\debug\moc_mainwindow.cpp
c:\users\no\google drive\visual studio 2013\projects\facerecognition1.2\facerecognition1.2\generatedfiles\debug\moc_about.cpp
c:\users\no\google drive\visual studio 2013\projects\facerecognition1.2\facerecognition1.2\generatedfiles\ui_controlpanel.h
c:\users\no\google drive\visual studio 2013\projects\facerecognition1.2\facerecognition1.2\generatedfiles\ui_about.h
c:\users\no\google drive\visual studio 2013\projects\facerecognition1.2\facerecognition1.2\generatedfiles\ui_mainwindow.h
c:\users\no\google drive\visual studio 2013\projects\facerecognition1.2\win32\debug\facerecognition1.2.ilk
c:\users\no\google drive\visual studio 2013\projects\facerecognition1.2\win32\debug\facerecognition1.2.exe
c:\users\no\google drive\visual studio 2013\projects\facerecognition1.2\win32\debug\facerecognition1.2.pdb
c:\users\no\google drive\visual studio 2013\projects\facerecognition1.2\facerecognition1.2\debug\facereco.b12702ad.tlog\cl.command.1.tlog
c:\users\no\google drive\visual studio 2013\projects\facerecognition1.2\facerecognition1.2\debug\facereco.b12702ad.tlog\cl.read.1.tlog
c:\users\no\google drive\visual studio 2013\projects\facerecognition1.2\facerecognition1.2\debug\facereco.b12702ad.tlog\cl.write.1.tlog
c:\users\no\google drive\visual studio 2013\projects\facerecognition1.2\facerecognition1.2\debug\facereco.b12702ad.tlog\custombuild.command.1.tlog
c:\users\no\google drive\visual studio 2013\projects\facerecognition1.2\facerecognition1.2\debug\facereco.b12702ad.tlog\custombuild.read.1.tlog
c:\users\no\google drive\visual studio 2013\projects\facerecognition1.2\facerecognition1.2\debug\facereco.b12702ad.tlog\custombuild.write.1.tlog
c:\users\no\google drive\visual studio 2013\projects\facerecognition1.2\facerecognition1.2\debug\facereco.b12702ad.tlog\link.command.1.tlog
c:\users\no\google drive\visual studio 2013\projects\facerecognition1.2\facerecognition1.2\debug\facereco.b12702ad.tlog\link.read.1.tlog
c:\users\no\google drive\visual studio 2013\projects\facerecognition1.2\facerecognition1.2\debug\facereco.b12702ad.tlog\link.write.1.tlog
